2023-11-17 10:33:19,186 INFO: 
                ____                _       _____  ____
               / __ ) ____ _ _____ (_)_____/ ___/ / __ \
              / __  |/ __ `// ___// // ___/\__ \ / /_/ /
             / /_/ // /_/ /(__  )/ // /__ ___/ // _, _/
            /_____/ \__,_//____//_/ \___//____//_/ |_|
     ______                   __   __                 __      __
    / ____/____   ____   ____/ /  / /   __  __ _____ / /__   / /
   / / __ / __ \ / __ \ / __  /  / /   / / / // ___// //_/  / /
  / /_/ // /_/ // /_/ // /_/ /  / /___/ /_/ // /__ / /<    /_/
  \____/ \____/ \____/ \____/  /_____/\____/ \___//_/|_|  (_)
    
Version Information: 
	BasicSR: 1.4.2
	PyTorch: 1.12.1+cu116
	TorchVision: 0.13.1+cu116
2023-11-17 10:33:19,187 INFO: 
  name: 001_MDBN_x4
  model_type: SRModel
  scale: 4
  num_gpu: 1
  manual_seed: 2023
  datasets:[
    train:[
      name: Lung_CT
      type: PairedImageDatasetpip
      dataroot_gt: D:\Super Resolution\Final_CT_SR\SR_Data\train_HR
      dataroot_lq: D:\Super Resolution\Final_CT_SR\SR_Data\train_LR_bic_x4
      filename_tmpl: {}
      io_backend:[
        type: disk
      ]
      gt_size: 256
      use_hflip: True
      use_rot: True
      num_worker_per_gpu: 8
      batch_size_per_gpu: 16
      dataset_enlarge_ratio: 100
      prefetch_mode: None
      phase: train
      scale: 4
    ]
    val:[
      name: Set5
      type: PairedImageDataset
      dataroot_gt: D:\Super Resolution\Final_CT_SR\SR_Data\test
      dataroot_lq: D:\Super Resolution\Final_CT_SR\SR_Data\test_LR_bic_x4
      io_backend:[
        type: disk
      ]
      phase: val
      scale: 4
    ]
  ]
  network_g:[
    type: MDBN
    num_in_ch: 3
    num_out_ch: 3
    num_feat: 64
    num_block: 6
    upscale: 4
    res_scale: 1.0
  ]
  path:[
    pretrain_network_g: None
    param_key_g: params_ema
    strict_load_g: True
    resume_state: None
    experiments_root: D:\Super Resolution\MDBN-main\experiments\001_MDBN_x4
    models: D:\Super Resolution\MDBN-main\experiments\001_MDBN_x4\models
    training_states: D:\Super Resolution\MDBN-main\experiments\001_MDBN_x4\training_states
    log: D:\Super Resolution\MDBN-main\experiments\001_MDBN_x4
    visualization: D:\Super Resolution\MDBN-main\experiments\001_MDBN_x4\visualization
  ]
  train:[
    ema_decay: 0.999
    optim_g:[
      type: Adam
      lr: 0.0002
      weight_decay: 0
      betas: [0.9, 0.99]
    ]
    scheduler:[
      type: CosineAnnealingRestartLR
      periods: [2000000]
      restart_weights: [1]
      eta_min: 1e-07
    ]
    total_iter: 2000000
    warmup_iter: -1
    pixel_opt:[
      type: L1Loss
      loss_weight: 1.0
      reduction: mean
    ]
  ]
  val:[
    val_freq: 5000.0
    save_img: False
    metrics:[
      psnr:[
        type: calculate_psnr
        crop_border: 4
        test_y_channel: True
        better: higher
      ]
      ssim:[
        type: calculate_ssim
        crop_border: 4
        test_y_channel: ture
        better: higher
      ]
    ]
  ]
  logger:[
    print_freq: 100
    save_checkpoint_freq: 5000.0
    use_tb_logger: True
    wandb:[
      project: None
      resume_id: None
    ]
  ]
  dist_params:[
    backend: nccl
    port: 29500
  ]
  dist: False
  rank: 0
  world_size: 1
  auto_resume: False
  is_train: True
  root_path: D:\Super Resolution\MDBN-main

